<?xml version="1.0" encoding="UTF-8"?>
<!-- Generated by org.testng.reporters.JUnitReportReporter -->
<testsuite hostname="Dhandabanis-MacBook-Air.local" failures="0" tests="1" name="api.test.UserTasks" time="19.153" errors="0" timestamp="2024-10-09T14:58:59 IST" skipped="0">
  <testcase classname="api.test.UserTasks" name="verifyFanCodeUserTaskCompletion" time="19.153"/>
  <system-out/>
</testsuite> <!-- api.test.UserTasks -->
